<?xml version="1.0" encoding="UTF-8"?>
<!-- Generated by org.testng.reporters.JUnitXMLReporter -->
<testsuite hostname="TYSS-4F-065" ignored="0" name="TestTwo" tests="3" failures="1" timestamp="17 Jul 2017 11:19:34 GMT" time="0.031" errors="0">
  <testcase name="testMethodFail" time="0.0" classname="com.test.TestClassTwo">
    <failure type="java.lang.AssertionError" message="expected [true] but found [false]">
      <![CDATA[java.lang.AssertionError: expected [true] but found [false]
	at com.test.TestClassTwo.testMethodFail(TestClassTwo.java:16)
... Removed 29 stack frames]]>
    </failure>
  </testcase> <!-- testMethodFail -->
  <testcase name="testMethodPass" time="0.0" classname="com.test.TestClassTwo"/>
  <testcase name="testMethodSkip" time="0.0" classname="com.test.TestClassTwo">
    <skipped/>
  </testcase> <!-- testMethodSkip -->
</testsuite> <!-- TestTwo -->
